0 info it worked if it ends with ok
1 verbose cli [ '/home/matubara/.nvm/v0.10.24/bin/node',
1 verbose cli   '/home/matubara/.nvm/v0.10.24/bin/npm',
1 verbose cli   'install',
1 verbose cli   '.' ]
2 info using npm@1.3.21
3 info using node@v0.10.24
4 error install Couldn't read dependencies
5 error package.json ENOENT, open '/home/matubara/projects/gfc-ja-book/package.json'
5 error package.json This is most likely not a problem with npm itself.
5 error package.json npm can't find a package.json file in your current directory.
6 error System Linux 3.13.0-29-generic
7 error command "/home/matubara/.nvm/v0.10.24/bin/node" "/home/matubara/.nvm/v0.10.24/bin/npm" "install" "."
8 error cwd /home/matubara/projects/gfc-ja-book
9 error node -v v0.10.24
10 error npm -v 1.3.21
11 error path /home/matubara/projects/gfc-ja-book/package.json
12 error code ENOPACKAGEJSON
13 error errno 34
14 verbose exit [ 34, true ]
